[debug] [2024-10-06T06:27:31.451Z] ----------------------------------------------------------------------
[debug] [2024-10-06T06:27:31.454Z] Command:       /usr/local/bin/firebase /home/kali/.cache/firebase/tools/lib/node_modules/firebase-tools/lib/bin/firebase init
[debug] [2024-10-06T06:27:31.455Z] CLI Version:   13.20.2
[debug] [2024-10-06T06:27:31.455Z] Platform:      linux
[debug] [2024-10-06T06:27:31.456Z] Node Version:  v18.5.0
[debug] [2024-10-06T06:27:31.456Z] Time:          Sun Oct 06 2024 02:27:31 GMT-0400 (Eastern Daylight Time)
[debug] [2024-10-06T06:27:31.457Z] ----------------------------------------------------------------------
[debug] 
[debug] [2024-10-06T06:27:31.466Z] > command requires scopes: ["email","openid","https://www.googleapis.com/auth/cloudplatformprojects.readonly","https://www.googleapis.com/auth/firebase","https://www.googleapis.com/auth/cloud-platform"]
[debug] [2024-10-06T06:27:31.467Z] > authorizing via signed-in user (abellonrolando1@gmail.com)
[info] 
     ######## #### ########  ######## ########     ###     ######  ########
     ##        ##  ##     ## ##       ##     ##  ##   ##  ##       ##
     ######    ##  ########  ######   ########  #########  ######  ######
     ##        ##  ##    ##  ##       ##     ## ##     ##       ## ##
     ##       #### ##     ## ######## ########  ##     ##  ######  ########

You're about to initialize a Firebase project in this directory:

  /home/kali/Desktop/MyWeb

[info] 
=== Project Setup
[info] 
[info] First, let's associate this project directory with a Firebase project.
[info] You can create multiple project aliases by running firebase use --add, 
[info] but for now we'll just set up a default project.
[info] 
[debug] [2024-10-06T06:28:16.760Z] Checked if tokens are valid: true, expires at: 1728198040904
[debug] [2024-10-06T06:28:16.761Z] Checked if tokens are valid: true, expires at: 1728198040904
[debug] [2024-10-06T06:28:16.778Z] >>> [apiv2][query] GET https://firebase.googleapis.com/v1beta1/projects pageSize=100
[debug] [2024-10-06T06:28:17.606Z] <<< [apiv2][status] GET https://firebase.googleapis.com/v1beta1/projects 200
[debug] [2024-10-06T06:28:17.607Z] <<< [apiv2][body] GET https://firebase.googleapis.com/v1beta1/projects [omitted]
[info] i  Using project myfirebase-bd961 (MyFireBase) 
[info] 
=== Functions Setup
[debug] [2024-10-06T06:28:24.775Z] > command requires scopes: ["email","openid","https://www.googleapis.com/auth/cloudplatformprojects.readonly","https://www.googleapis.com/auth/firebase","https://www.googleapis.com/auth/cloud-platform"]
[debug] [2024-10-06T06:28:24.776Z] > authorizing via signed-in user (abellonrolando1@gmail.com)
[debug] [2024-10-06T06:28:24.779Z] [iam] checking project myfirebase-bd961 for permissions ["firebase.projects.get"]
[debug] [2024-10-06T06:28:24.780Z] Checked if tokens are valid: true, expires at: 1728198040904
[debug] [2024-10-06T06:28:24.781Z] Checked if tokens are valid: true, expires at: 1728198040904
[debug] [2024-10-06T06:28:24.781Z] >>> [apiv2][query] POST https://cloudresourcemanager.googleapis.com/v1/projects/myfirebase-bd961:testIamPermissions [none]
[debug] [2024-10-06T06:28:24.781Z] >>> [apiv2][(partial)header] POST https://cloudresourcemanager.googleapis.com/v1/projects/myfirebase-bd961:testIamPermissions x-goog-quota-user=projects/myfirebase-bd961
[debug] [2024-10-06T06:28:24.782Z] >>> [apiv2][body] POST https://cloudresourcemanager.googleapis.com/v1/projects/myfirebase-bd961:testIamPermissions {"permissions":["firebase.projects.get"]}
[debug] [2024-10-06T06:28:40.056Z] <<< [apiv2][status] POST https://cloudresourcemanager.googleapis.com/v1/projects/myfirebase-bd961:testIamPermissions 200
[debug] [2024-10-06T06:28:40.057Z] <<< [apiv2][body] POST https://cloudresourcemanager.googleapis.com/v1/projects/myfirebase-bd961:testIamPermissions {"permissions":["firebase.projects.get"]}
[debug] [2024-10-06T06:28:40.059Z] Checked if tokens are valid: true, expires at: 1728198040904
[debug] [2024-10-06T06:28:40.059Z] Checked if tokens are valid: true, expires at: 1728198040904
[debug] [2024-10-06T06:28:40.060Z] Checked if tokens are valid: true, expires at: 1728198040904
[debug] [2024-10-06T06:28:40.061Z] Checked if tokens are valid: true, expires at: 1728198040904
[debug] [2024-10-06T06:28:40.064Z] >>> [apiv2][query] GET https://serviceusage.googleapis.com/v1/projects/myfirebase-bd961/services/cloudfunctions.googleapis.com [none]
[debug] [2024-10-06T06:28:40.064Z] >>> [apiv2][(partial)header] GET https://serviceusage.googleapis.com/v1/projects/myfirebase-bd961/services/cloudfunctions.googleapis.com x-goog-quota-user=projects/myfirebase-bd961
[debug] [2024-10-06T06:28:40.071Z] >>> [apiv2][query] GET https://serviceusage.googleapis.com/v1/projects/myfirebase-bd961/services/runtimeconfig.googleapis.com [none]
[debug] [2024-10-06T06:28:40.071Z] >>> [apiv2][(partial)header] GET https://serviceusage.googleapis.com/v1/projects/myfirebase-bd961/services/runtimeconfig.googleapis.com x-goog-quota-user=projects/myfirebase-bd961
[debug] [2024-10-06T06:28:55.701Z] <<< [apiv2][status] GET https://serviceusage.googleapis.com/v1/projects/myfirebase-bd961/services/cloudfunctions.googleapis.com 200
[debug] [2024-10-06T06:28:55.702Z] <<< [apiv2][body] GET https://serviceusage.googleapis.com/v1/projects/myfirebase-bd961/services/cloudfunctions.googleapis.com [omitted]
[debug] [2024-10-06T06:28:55.703Z] Checked if tokens are valid: true, expires at: 1728198040904
[debug] [2024-10-06T06:28:55.704Z] Checked if tokens are valid: true, expires at: 1728198040904
[debug] [2024-10-06T06:28:55.705Z] >>> [apiv2][query] POST https://serviceusage.googleapis.com/v1/projects/myfirebase-bd961/services/cloudfunctions.googleapis.com:enable [none]
[debug] [2024-10-06T06:28:55.705Z] >>> [apiv2][(partial)header] POST https://serviceusage.googleapis.com/v1/projects/myfirebase-bd961/services/cloudfunctions.googleapis.com:enable x-goog-quota-user=projects/myfirebase-bd961
[debug] [2024-10-06T06:28:55.725Z] <<< [apiv2][status] GET https://serviceusage.googleapis.com/v1/projects/myfirebase-bd961/services/runtimeconfig.googleapis.com 200
[debug] [2024-10-06T06:28:55.725Z] <<< [apiv2][body] GET https://serviceusage.googleapis.com/v1/projects/myfirebase-bd961/services/runtimeconfig.googleapis.com [omitted]
[debug] [2024-10-06T06:28:57.899Z] <<< [apiv2][status] POST https://serviceusage.googleapis.com/v1/projects/myfirebase-bd961/services/cloudfunctions.googleapis.com:enable 200
[debug] [2024-10-06T06:28:57.899Z] <<< [apiv2][body] POST https://serviceusage.googleapis.com/v1/projects/myfirebase-bd961/services/cloudfunctions.googleapis.com:enable [omitted]
[debug] [2024-10-06T06:29:07.914Z] Checked if tokens are valid: true, expires at: 1728198040904
[debug] [2024-10-06T06:29:07.915Z] Checked if tokens are valid: true, expires at: 1728198040904
[debug] [2024-10-06T06:29:07.916Z] >>> [apiv2][query] GET https://serviceusage.googleapis.com/v1/projects/myfirebase-bd961/services/cloudfunctions.googleapis.com [none]
[debug] [2024-10-06T06:29:07.916Z] >>> [apiv2][(partial)header] GET https://serviceusage.googleapis.com/v1/projects/myfirebase-bd961/services/cloudfunctions.googleapis.com x-goog-quota-user=projects/myfirebase-bd961
[debug] [2024-10-06T06:29:10.365Z] <<< [apiv2][status] GET https://serviceusage.googleapis.com/v1/projects/myfirebase-bd961/services/cloudfunctions.googleapis.com 200
[debug] [2024-10-06T06:29:10.366Z] <<< [apiv2][body] GET https://serviceusage.googleapis.com/v1/projects/myfirebase-bd961/services/cloudfunctions.googleapis.com [omitted]
[info] Let's create a new codebase for your functions.
[info] A directory corresponding to the codebase will be created in your project
[info] with sample code pre-configured.

[info] See https://firebase.google.com/docs/functions/organize-functions for
[info] more information on organizing your functions using codebases.

[info] Functions can be deployed with firebase deploy.

[debug] [2024-10-06T06:30:22.911Z] ----------------------------------------------------------------------
[debug] [2024-10-06T06:30:22.914Z] Command:       /usr/local/bin/firebase /home/kali/.cache/firebase/tools/lib/node_modules/firebase-tools/lib/bin/firebase init
[debug] [2024-10-06T06:30:22.914Z] CLI Version:   13.20.2
[debug] [2024-10-06T06:30:22.915Z] Platform:      linux
[debug] [2024-10-06T06:30:22.915Z] Node Version:  v18.5.0
[debug] [2024-10-06T06:30:22.916Z] Time:          Sun Oct 06 2024 02:30:22 GMT-0400 (Eastern Daylight Time)
[debug] [2024-10-06T06:30:22.916Z] ----------------------------------------------------------------------
[debug] 
[debug] [2024-10-06T06:30:22.925Z] > command requires scopes: ["email","openid","https://www.googleapis.com/auth/cloudplatformprojects.readonly","https://www.googleapis.com/auth/firebase","https://www.googleapis.com/auth/cloud-platform"]
[debug] [2024-10-06T06:30:22.926Z] > authorizing via signed-in user (abellonrolando1@gmail.com)
[info] 
     ######## #### ########  ######## ########     ###     ######  ########
     ##        ##  ##     ## ##       ##     ##  ##   ##  ##       ##
     ######    ##  ########  ######   ########  #########  ######  ######
     ##        ##  ##    ##  ##       ##     ## ##     ##       ## ##
     ##       #### ##     ## ######## ########  ##     ##  ######  ########

You're about to initialize a Firebase project in this directory:

  /home/kali/Desktop/MyWeb

[info] 
=== Project Setup
[info] 
[info] First, let's associate this project directory with a Firebase project.
[info] You can create multiple project aliases by running firebase use --add, 
[info] but for now we'll just set up a default project.
[info] 
[debug] [2024-10-06T06:30:41.584Z] Checked if tokens are valid: true, expires at: 1728198040904
[debug] [2024-10-06T06:30:41.585Z] Checked if tokens are valid: true, expires at: 1728198040904
[debug] [2024-10-06T06:30:41.593Z] >>> [apiv2][query] GET https://firebase.googleapis.com/v1beta1/projects pageSize=100
[debug] [2024-10-06T06:30:44.675Z] <<< [apiv2][status] GET https://firebase.googleapis.com/v1beta1/projects 200
[debug] [2024-10-06T06:30:44.676Z] <<< [apiv2][body] GET https://firebase.googleapis.com/v1beta1/projects [omitted]
[info] i  Using project myfirebase-bd961 (MyFireBase) 
[info] 
=== Hosting Setup
[debug] [2024-10-06T06:30:45.617Z] Checked if tokens are valid: true, expires at: 1728198040904
[debug] [2024-10-06T06:30:45.617Z] Checked if tokens are valid: true, expires at: 1728198040904
[debug] [2024-10-06T06:30:45.618Z] >>> [apiv2][query] GET https://firebase.googleapis.com/v1beta1/projects/myfirebase-bd961 [none]
[debug] [2024-10-06T06:30:47.638Z] <<< [apiv2][status] GET https://firebase.googleapis.com/v1beta1/projects/myfirebase-bd961 200
[debug] [2024-10-06T06:30:47.639Z] <<< [apiv2][body] GET https://firebase.googleapis.com/v1beta1/projects/myfirebase-bd961 {"projectId":"myfirebase-bd961","projectNumber":"92761096055","displayName":"MyFireBase","name":"projects/myfirebase-bd961","resources":{"hostingSite":"myfirebase-bd961","storageBucket":"myfirebase-bd961.appspot.com","locationId":"asia-southeast1"},"state":"ACTIVE","etag":"1_eb4b51d8-6ceb-45d8-a5b9-6aa8e92f1891"}
[info] 
[info] Your public directory is the folder (relative to your project directory) that
[info] will contain Hosting assets to be uploaded with firebase deploy. If you
[info] have a build process for your assets, use your build's output directory.
[info] 
[debug] [2024-10-06T06:31:55.790Z] >>> [apiv2][query] GET https://www.gstatic.com/firebasejs/releases.json [none]
[debug] [2024-10-06T06:31:57.151Z] <<< [apiv2][status] GET https://www.gstatic.com/firebasejs/releases.json 200
[debug] [2024-10-06T06:31:57.152Z] <<< [apiv2][body] GET https://www.gstatic.com/firebasejs/releases.json {"current":{"version":"10.14.0","browserURL":"https://www.gstatic.com/firebasejs/10.14.0/firebase.js","packageURL":"https://www.gstatic.com/firebasejs/10.14.0/firebase.tgz"},"live":{"version":"10.14","browserURL":"https://www.gstatic.com/firebasejs/live/10.14/firebase.js","packageURL":"https://www.gstatic.com/firebasejs/live/10.14/firebase.tgz"},"components":{"analytics":"https://www.gstatic.com/firebasejs/10.14.0/firebase-analytics.js","app":"https://www.gstatic.com/firebasejs/10.14.0/firebase-app.js","app-check":"https://www.gstatic.com/firebasejs/10.14.0/firebase-app-check.js","auth":"https://www.gstatic.com/firebasejs/10.14.0/firebase-auth.js","auth/cordova":"https://www.gstatic.com/firebasejs/10.14.0/firebase-auth/cordova.js","auth/web-extension":"https://www.gstatic.com/firebasejs/10.14.0/firebase-auth/web-extension.js","functions":"https://www.gstatic.com/firebasejs/10.14.0/firebase-functions.js","firestore":"https://www.gstatic.com/firebasejs/10.14.0/firebase-firestore.js","firestore/lite":"https://www.gstatic.com/firebasejs/10.14.0/firebase-firestore/lite.js","installations":"https://www.gstatic.com/firebasejs/10.14.0/firebase-installations.js","storage":"https://www.gstatic.com/firebasejs/10.14.0/firebase-storage.js","performance":"https://www.gstatic.com/firebasejs/10.14.0/firebase-performance.js","remote-config":"https://www.gstatic.com/firebasejs/10.14.0/firebase-remote-config.js","messaging":"https://www.gstatic.com/firebasejs/10.14.0/firebase-messaging.js","messaging/sw":"https://www.gstatic.com/firebasejs/10.14.0/firebase-messaging/sw.js","database":"https://www.gstatic.com/firebasejs/10.14.0/firebase-database.js","data-connect":"https://www.gstatic.com/firebasejs/10.14.0/firebase-data-connect.js","vertexai-preview":"https://www.gstatic.com/firebasejs/10.14.0/firebase-vertexai-preview.js","firestore.memory":"https://www.gstatic.com/firebasejs/10.14.0/firebase-firestore.memory.js"}}
[info] ✔  Wrote y/index.html 
[info] 
[info] i  Didn't detect a .git folder. Assuming /home/kali/Desktop/MyWeb is the project root. 
[info] i  Authorizing with GitHub to upload your service account to a GitHub repository's secrets store. 
[info] 
[info] Visit this URL on this device to log in:
[info] https://github.com/login/oauth/authorize?client_id=89cf50f02ac6aaed3484&state=810277841&redirect_uri=http%3A%2F%2Flocalhost%3A9005&scope=read%3Auser%20repo%20public_repo
[info] 
[info] Waiting for authentication...
[debug] [2024-10-06T06:32:57.765Z] >>> [apiv2][query] POST https://github.com/login/oauth/access_token [none]
[debug] [2024-10-06T06:32:57.766Z] >>> [apiv2][body] POST https://github.com/login/oauth/access_token [stream]
[debug] [2024-10-06T06:33:03.462Z] <<< [apiv2][status] POST https://github.com/login/oauth/access_token 200
[debug] [2024-10-06T06:33:03.462Z] <<< [apiv2][body] POST https://github.com/login/oauth/access_token {"access_token":"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","token_type":"bearer","scope":"read:user,repo"}
[debug] [2024-10-06T06:33:03.482Z] >>> [apiv2][query] GET https://api.github.com/user [none]
[debug] [2024-10-06T06:33:04.116Z] <<< [apiv2][status] GET https://api.github.com/user 200
[debug] [2024-10-06T06:33:04.117Z] <<< [apiv2][body] GET https://api.github.com/user {"login":"Termux-noob24","id":110705025,"node_id":"U_kgDOBpk5gQ","avatar_url":"https://avatars.githubusercontent.com/u/110705025?v=4","gravatar_id":"","url":"https://api.github.com/users/Termux-noob24","html_url":"https://github.com/Termux-noob24","followers_url":"https://api.github.com/users/Termux-noob24/followers","following_url":"https://api.github.com/users/Termux-noob24/following{/other_user}","gists_url":"https://api.github.com/users/Termux-noob24/gists{/gist_id}","starred_url":"https://api.github.com/users/Termux-noob24/starred{/owner}{/repo}","subscriptions_url":"https://api.github.com/users/Termux-noob24/subscriptions","organizations_url":"https://api.github.com/users/Termux-noob24/orgs","repos_url":"https://api.github.com/users/Termux-noob24/repos","events_url":"https://api.github.com/users/Termux-noob24/events{/privacy}","received_events_url":"https://api.github.com/users/Termux-noob24/received_events","type":"User","site_admin":false,"name":"Rolando Abellon","company":null,"blog":"","location":null,"email":null,"hireable":null,"bio":"Just learning...","twitter_username":null,"notification_email":null,"public_repos":10,"public_gists":0,"followers":0,"following":0,"created_at":"2022-08-06T01:54:27Z","updated_at":"2024-10-06T06:32:51Z","private_gists":0,"total_private_repos":0,"owned_private_repos":0,"disk_usage":3553,"collaborators":0,"two_factor_authentication":false,"plan":{"name":"free","space":976562499,"collaborators":0,"private_repos":10000}}
[info] 
[info] ✔  Success! Logged into GitHub as Termux-noob24 
[info] 
[debug] [2024-10-06T06:33:17.708Z] >>> [apiv2][query] GET https://api.github.com/repos//actions/secrets/public-key type=owner
[debug] [2024-10-06T06:33:18.691Z] <<< [apiv2][status] GET https://api.github.com/repos//actions/secrets/public-key 404
[debug] [2024-10-06T06:33:18.692Z] <<< [apiv2][body] GET https://api.github.com/repos//actions/secrets/public-key {"message":"Not Found","documentation_url":"https://docs.github.com/rest","status":"404"}
[info] 
[info] 
[error] ⚠  The provided authorization cannot be used with this repository. If this repository is in an organization, did you remember to grant access? 
[info] 
[info] i  Action required: Visit this URL to ensure access has been granted to the appropriate organization(s) for the Firebase CLI GitHub OAuth App: 
[info] https://github.com/settings/connections/applications/89cf50f02ac6aaed3484
[info] 
